<?xml version="1.0" encoding="UTF-8"?>
<testsuite name="eventstream.list.LinkedListTest" tests="4" skipped="0" failures="0" errors="0" timestamp="2023-11-06T04:28:24" hostname="DESKTOP-H0OMSKL" time="0.014">
  <properties/>
  <testcase name="testAdd()" classname="eventstream.list.LinkedListTest" time="0.011"/>
  <testcase name="testRemoveMissing()" classname="eventstream.list.LinkedListTest" time="0.0"/>
  <testcase name="testRemove()" classname="eventstream.list.LinkedListTest" time="0.0"/>
  <testcase name="testConstructor()" classname="eventstream.list.LinkedListTest" time="0.0"/>
  <system-out><![CDATA[]]></system-out>
  <system-err><![CDATA[]]></system-err>
</testsuite>
